{
  "/Users/salim/metamask/metamask-mobile/app/components/UI/NetworkMultiSelectorList/NetworkMultiSelectorList.tsx": {
    "path": "/Users/salim/metamask/metamask-mobile/app/components/UI/NetworkMultiSelectorList/NetworkMultiSelectorList.tsx",
    "statementMap": {
      "0": {
        "start": { "line": 67, "column": 33 },
        "end": { "line": 67, "column": 36 }
      },
      "1": {
        "start": { "line": 76, "column": 31 },
        "end": { "line": 384, "column": 1 }
      },
      "2": {
        "start": { "line": 92, "column": 25 },
        "end": { "line": 92, "column": 42 }
      },
      "3": {
        "start": { "line": 93, "column": 28 },
        "end": { "line": 93, "column": 45 }
      },
      "4": {
        "start": { "line": 94, "column": 25 },
        "end": { "line": 94, "column": 44 }
      },
      "5": {
        "start": { "line": 95, "column": 24 },
        "end": { "line": 95, "column": 63 }
      },
      "6": {
        "start": { "line": 96, "column": 21 },
        "end": { "line": 96, "column": 50 }
      },
      "7": {
        "start": { "line": 97, "column": 24 },
        "end": { "line": 97, "column": 71 }
      },
      "8": {
        "start": { "line": 103, "column": 30 },
        "end": { "line": 105, "column": 56 }
      },
      "9": {
        "start": { "line": 106, "column": 43 },
        "end": { "line": 108, "column": 3 }
      },
      "10": {
        "start": { "line": 110, "column": 21 },
        "end": { "line": 110, "column": 46 }
      },
      "11": {
        "start": { "line": 112, "column": 28 },
        "end": { "line": 131, "column": 3 }
      },
      "12": {
        "start": { "line": 114, "column": 6 },
        "end": { "line": 129, "column": 8 }
      },
      "13": {
        "start": { "line": 115, "column": 34 },
        "end": { "line": 115, "column": 71 }
      },
      "14": {
        "start": { "line": 117, "column": 10 },
        "end": { "line": 119, "column": 41 }
      },
      "15": {
        "start": { "line": 121, "column": 8 },
        "end": { "line": 128, "column": 10 }
      },
      "16": {
        "start": { "line": 133, "column": 42 },
        "end": { "line": 164, "column": 4 }
      },
      "17": {
        "start": { "line": 134, "column": 36 },
        "end": { "line": 134, "column": 38 }
      },
      "18": {
        "start": { "line": 135, "column": 29 },
        "end": { "line": 137, "column": 5 }
      },
      "19": {
        "start": { "line": 136, "column": 19 },
        "end": { "line": 136, "column": 41 }
      },
      "20": {
        "start": { "line": 139, "column": 4 },
        "end": { "line": 141, "column": 5 }
      },
      "21": {
        "start": { "line": 140, "column": 6 },
        "end": { "line": 140, "column": 37 }
      },
      "22": {
        "start": { "line": 143, "column": 4 },
        "end": { "line": 149, "column": 5 }
      },
      "23": {
        "start": { "line": 144, "column": 6 },
        "end": { "line": 148, "column": 38 }
      },
      "24": {
        "start": { "line": 151, "column": 4 },
        "end": { "line": 157, "column": 5 }
      },
      "25": {
        "start": { "line": 152, "column": 6 },
        "end": { "line": 156, "column": 37 }
      },
      "26": {
        "start": { "line": 159, "column": 4 },
        "end": { "line": 159, "column": 16 }
      },
      "27": {
        "start": { "line": 166, "column": 33 },
        "end": { "line": 183, "column": 3 }
      },
      "28": {
        "start": { "line": 168, "column": 6 },
        "end": { "line": 181, "column": 7 }
      },
      "29": {
        "start": { "line": 170, "column": 10 },
        "end": { "line": 170, "column": 39 }
      },
      "30": {
        "start": { "line": 170, "column": 32 },
        "end": { "line": 170, "column": 39 }
      },
      "31": {
        "start": { "line": 172, "column": 10 },
        "end": { "line": 174, "column": 13 }
      },
      "32": {
        "start": { "line": 173, "column": 12 },
        "end": { "line": 173, "column": 41 }
      },
      "33": {
        "start": { "line": 185, "column": 2 },
        "end": { "line": 188, "column": 4 }
      },
      "34": {
        "start": { "line": 186, "column": 10 },
        "end": { "line": 186, "column": 47 }
      },
      "35": {
        "start": { "line": 186, "column": 16 },
        "end": { "line": 186, "column": 47 }
      },
      "36": {
        "start": { "line": 190, "column": 26 },
        "end": { "line": 198, "column": 8 }
      },
      "37": {
        "start": { "line": 191, "column": 4 },
        "end": { "line": 196, "column": 5 }
      },
      "38": {
        "start": { "line": 195, "column": 6 },
        "end": { "line": 195, "column": 43 }
      },
      "39": {
        "start": { "line": 197, "column": 4 },
        "end": { "line": 197, "column": 41 }
      },
      "40": {
        "start": { "line": 200, "column": 22 },
        "end": { "line": 208, "column": 8 }
      },
      "41": {
        "start": { "line": 201, "column": 4 },
        "end": { "line": 206, "column": 5 }
      },
      "42": {
        "start": { "line": 205, "column": 6 },
        "end": { "line": 205, "column": 42 }
      },
      "43": {
        "start": { "line": 207, "column": 4 },
        "end": { "line": 207, "column": 29 }
      },
      "44": {
        "start": { "line": 210, "column": 37 },
        "end": { "line": 215, "column": 3 }
      },
      "45": {
        "start": { "line": 212, "column": 6 },
        "end": { "line": 213, "column": 64 }
      },
      "46": {
        "start": { "line": 217, "column": 37 },
        "end": { "line": 222, "column": 3 }
      },
      "47": {
        "start": { "line": 219, "column": 6 },
        "end": { "line": 220, "column": 65 }
      },
      "48": {
        "start": { "line": 224, "column": 28 },
        "end": { "line": 231, "column": 3 }
      },
      "49": {
        "start": { "line": 225, "column": 36 },
        "end": { "line": 229, "column": 5 }
      },
      "50": {
        "start": { "line": 233, "column": 28 },
        "end": { "line": 247, "column": 3 }
      },
      "51": {
        "start": { "line": 234, "column": 36 },
        "end": { "line": 245, "column": 5 }
      },
      "52": {
        "start": { "line": 236, "column": 8 },
        "end": { "line": 243, "column": 11 }
      },
      "53": {
        "start": { "line": 249, "column": 61 },
        "end": { "line": 348, "column": 3 }
      },
      "54": {
        "start": { "line": 251, "column": 6 },
        "end": { "line": 253, "column": 7 }
      },
      "55": {
        "start": { "line": 252, "column": 8 },
        "end": { "line": 252, "column": 45 }
      },
      "56": {
        "start": { "line": 255, "column": 6 },
        "end": { "line": 257, "column": 7 }
      },
      "57": {
        "start": { "line": 256, "column": 8 },
        "end": { "line": 256, "column": 45 }
      },
      "58": {
        "start": { "line": 259, "column": 22 },
        "end": { "line": 259, "column": 46 }
      },
      "59": {
        "start": { "line": 267, "column": 10 },
        "end": { "line": 267, "column": 17 }
      },
      "60": {
        "start": { "line": 269, "column": 25 },
        "end": { "line": 269, "column": 57 }
      },
      "61": {
        "start": { "line": 270, "column": 29 },
        "end": { "line": 270, "column": 57 }
      },
      "62": {
        "start": { "line": 272, "column": 29 },
        "end": { "line": 272, "column": 70 }
      },
      "63": {
        "start": { "line": 274, "column": 6 },
        "end": { "line": 332, "column": 8 }
      },
      "64": {
        "start": { "line": 308, "column": 27 },
        "end": { "line": 308, "column": 62 }
      },
      "65": {
        "start": { "line": 310, "column": 14 },
        "end": { "line": 310, "column": 74 }
      },
      "66": {
        "start": { "line": 350, "column": 31 },
        "end": { "line": 360, "column": 37 }
      },
      "67": {
        "start": { "line": 351, "column": 4 },
        "end": { "line": 351, "column": 57 }
      },
      "68": {
        "start": { "line": 351, "column": 50 },
        "end": { "line": 351, "column": 57 }
      },
      "69": {
        "start": { "line": 352, "column": 4 },
        "end": { "line": 359, "column": 5 }
      },
      "70": {
        "start": { "line": 353, "column": 30 },
        "end": { "line": 353, "column": 75 }
      },
      "71": {
        "start": { "line": 353, "column": 64 },
        "end": { "line": 353, "column": 74 }
      },
      "72": {
        "start": { "line": 354, "column": 6 },
        "end": { "line": 357, "column": 9 }
      },
      "73": {
        "start": { "line": 358, "column": 6 },
        "end": { "line": 358, "column": 50 }
      },
      "74": {
        "start": { "line": 362, "column": 2 },
        "end": { "line": 383, "column": 4 }
      }
    },
    "fnMap": {
      "0": {
        "name": "(anonymous_0)",
        "decl": {
          "start": { "line": 76, "column": 31 },
          "end": { "line": 76, "column": 32 }
        },
        "loc": {
          "start": { "line": 90, "column": 37 },
          "end": { "line": 384, "column": 1 }
        },
        "line": 90
      },
      "1": {
        "name": "(anonymous_1)",
        "decl": {
          "start": { "line": 113, "column": 4 },
          "end": { "line": 113, "column": 5 }
        },
        "loc": {
          "start": { "line": 114, "column": 6 },
          "end": { "line": 129, "column": 8 }
        },
        "line": 114
      },
      "2": {
        "name": "(anonymous_2)",
        "decl": {
          "start": { "line": 114, "column": 19 },
          "end": { "line": 114, "column": 20 }
        },
        "loc": {
          "start": { "line": 114, "column": 32 },
          "end": { "line": 129, "column": 7 }
        },
        "line": 114
      },
      "3": {
        "name": "(anonymous_3)",
        "decl": {
          "start": { "line": 133, "column": 50 },
          "end": { "line": 133, "column": 51 }
        },
        "loc": {
          "start": { "line": 133, "column": 56 },
          "end": { "line": 160, "column": 3 }
        },
        "line": 133
      },
      "4": {
        "name": "(anonymous_4)",
        "decl": {
          "start": { "line": 136, "column": 6 },
          "end": { "line": 136, "column": 7 }
        },
        "loc": {
          "start": { "line": 136, "column": 19 },
          "end": { "line": 136, "column": 41 }
        },
        "line": 136
      },
      "5": {
        "name": "(anonymous_5)",
        "decl": {
          "start": { "line": 167, "column": 4 },
          "end": { "line": 167, "column": 5 }
        },
        "loc": {
          "start": { "line": 168, "column": 6 },
          "end": { "line": 181, "column": 7 }
        },
        "line": 168
      },
      "6": {
        "name": "(anonymous_6)",
        "decl": {
          "start": { "line": 169, "column": 8 },
          "end": { "line": 169, "column": 9 }
        },
        "loc": {
          "start": { "line": 169, "column": 38 },
          "end": { "line": 175, "column": 9 }
        },
        "line": 169
      },
      "7": {
        "name": "(anonymous_7)",
        "decl": {
          "start": { "line": 172, "column": 26 },
          "end": { "line": 172, "column": 27 }
        },
        "loc": {
          "start": { "line": 172, "column": 32 },
          "end": { "line": 174, "column": 11 }
        },
        "line": 172
      },
      "8": {
        "name": "(anonymous_8)",
        "decl": {
          "start": { "line": 186, "column": 4 },
          "end": { "line": 186, "column": 5 }
        },
        "loc": {
          "start": { "line": 186, "column": 10 },
          "end": { "line": 186, "column": 47 }
        },
        "line": 186
      },
      "9": {
        "name": "(anonymous_9)",
        "decl": {
          "start": { "line": 186, "column": 10 },
          "end": { "line": 186, "column": 11 }
        },
        "loc": {
          "start": { "line": 186, "column": 16 },
          "end": { "line": 186, "column": 47 }
        },
        "line": 186
      },
      "10": {
        "name": "(anonymous_10)",
        "decl": {
          "start": { "line": 190, "column": 38 },
          "end": { "line": 190, "column": 39 }
        },
        "loc": {
          "start": { "line": 190, "column": 65 },
          "end": { "line": 198, "column": 3 }
        },
        "line": 190
      },
      "11": {
        "name": "(anonymous_11)",
        "decl": {
          "start": { "line": 200, "column": 34 },
          "end": { "line": 200, "column": 35 }
        },
        "loc": {
          "start": { "line": 200, "column": 61 },
          "end": { "line": 208, "column": 3 }
        },
        "line": 200
      },
      "12": {
        "name": "(anonymous_12)",
        "decl": {
          "start": { "line": 211, "column": 4 },
          "end": { "line": 211, "column": 5 }
        },
        "loc": {
          "start": { "line": 212, "column": 6 },
          "end": { "line": 213, "column": 64 }
        },
        "line": 212
      },
      "13": {
        "name": "(anonymous_13)",
        "decl": {
          "start": { "line": 218, "column": 4 },
          "end": { "line": 218, "column": 5 }
        },
        "loc": {
          "start": { "line": 219, "column": 6 },
          "end": { "line": 220, "column": 65 }
        },
        "line": 219
      },
      "14": {
        "name": "(anonymous_14)",
        "decl": {
          "start": { "line": 225, "column": 4 },
          "end": { "line": 225, "column": 5 }
        },
        "loc": {
          "start": { "line": 225, "column": 36 },
          "end": { "line": 229, "column": 5 }
        },
        "line": 225
      },
      "15": {
        "name": "(anonymous_15)",
        "decl": {
          "start": { "line": 234, "column": 4 },
          "end": { "line": 234, "column": 5 }
        },
        "loc": {
          "start": { "line": 234, "column": 36 },
          "end": { "line": 245, "column": 5 }
        },
        "line": 234
      },
      "16": {
        "name": "(anonymous_16)",
        "decl": {
          "start": { "line": 235, "column": 21 },
          "end": { "line": 235, "column": 22 }
        },
        "loc": {
          "start": { "line": 235, "column": 27 },
          "end": { "line": 244, "column": 7 }
        },
        "line": 235
      },
      "17": {
        "name": "(anonymous_17)",
        "decl": {
          "start": { "line": 250, "column": 4 },
          "end": { "line": 250, "column": 5 }
        },
        "loc": {
          "start": { "line": 250, "column": 18 },
          "end": { "line": 333, "column": 5 }
        },
        "line": 250
      },
      "18": {
        "name": "(anonymous_18)",
        "decl": {
          "start": { "line": 308, "column": 21 },
          "end": { "line": 308, "column": 22 }
        },
        "loc": {
          "start": { "line": 308, "column": 27 },
          "end": { "line": 308, "column": 62 }
        },
        "line": 308
      },
      "19": {
        "name": "(anonymous_19)",
        "decl": {
          "start": { "line": 309, "column": 25 },
          "end": { "line": 309, "column": 26 }
        },
        "loc": {
          "start": { "line": 310, "column": 14 },
          "end": { "line": 310, "column": 74 }
        },
        "line": 310
      },
      "20": {
        "name": "(anonymous_20)",
        "decl": {
          "start": { "line": 350, "column": 43 },
          "end": { "line": 350, "column": 44 }
        },
        "loc": {
          "start": { "line": 350, "column": 49 },
          "end": { "line": 360, "column": 3 }
        },
        "line": 350
      },
      "21": {
        "name": "(anonymous_21)",
        "decl": {
          "start": { "line": 353, "column": 44 },
          "end": { "line": 353, "column": 45 }
        },
        "loc": {
          "start": { "line": 353, "column": 64 },
          "end": { "line": 353, "column": 74 }
        },
        "line": 353
      }
    },
    "branchMap": {
      "0": {
        "loc": {
          "start": { "line": 78, "column": 2 },
          "end": { "line": 78, "column": 15 }
        },
        "type": "default-arg",
        "locations": [
          {
            "start": { "line": 78, "column": 13 },
            "end": { "line": 78, "column": 15 }
          }
        ],
        "line": 78
      },
      "1": {
        "loc": {
          "start": { "line": 79, "column": 2 },
          "end": { "line": 79, "column": 19 }
        },
        "type": "default-arg",
        "locations": [
          {
            "start": { "line": 79, "column": 14 },
            "end": { "line": 79, "column": 19 }
          }
        ],
        "line": 79
      },
      "2": {
        "loc": {
          "start": { "line": 83, "column": 2 },
          "end": { "line": 83, "column": 28 }
        },
        "type": "default-arg",
        "locations": [
          {
            "start": { "line": 83, "column": 24 },
            "end": { "line": 83, "column": 28 }
          }
        ],
        "line": 83
      },
      "3": {
        "loc": {
          "start": { "line": 103, "column": 30 },
          "end": { "line": 105, "column": 56 }
        },
        "type": "cond-expr",
        "locations": [
          {
            "start": { "line": 104, "column": 6 },
            "end": { "line": 104, "column": 37 }
          },
          {
            "start": { "line": 105, "column": 7 },
            "end": { "line": 105, "column": 55 }
          }
        ],
        "line": 103
      },
      "4": {
        "loc": {
          "start": { "line": 105, "column": 7 },
          "end": { "line": 105, "column": 55 }
        },
        "type": "binary-expr",
        "locations": [
          {
            "start": { "line": 105, "column": 7 },
            "end": { "line": 105, "column": 20 }
          },
          {
            "start": { "line": 105, "column": 24 },
            "end": { "line": 105, "column": 55 }
          }
        ],
        "line": 105
      },
      "5": {
        "loc": {
          "start": { "line": 117, "column": 10 },
          "end": { "line": 119, "column": 41 }
        },
        "type": "cond-expr",
        "locations": [
          {
            "start": { "line": 118, "column": 14 },
            "end": { "line": 118, "column": 48 }
          },
          {
            "start": { "line": 119, "column": 14 },
            "end": { "line": 119, "column": 41 }
          }
        ],
        "line": 117
      },
      "6": {
        "loc": {
          "start": { "line": 126, "column": 33 },
          "end": { "line": 126, "column": 62 }
        },
        "type": "binary-expr",
        "locations": [
          {
            "start": { "line": 126, "column": 33 },
            "end": { "line": 126, "column": 40 }
          },
          {
            "start": { "line": 126, "column": 44 },
            "end": { "line": 126, "column": 62 }
          }
        ],
        "line": 126
      },
      "7": {
        "loc": {
          "start": { "line": 127, "column": 22 },
          "end": { "line": 127, "column": 73 }
        },
        "type": "cond-expr",
        "locations": [
          {
            "start": { "line": 127, "column": 47 },
            "end": { "line": 127, "column": 52 }
          },
          {
            "start": { "line": 127, "column": 55 },
            "end": { "line": 127, "column": 73 }
          }
        ],
        "line": 127
      },
      "8": {
        "loc": {
          "start": { "line": 139, "column": 4 },
          "end": { "line": 141, "column": 5 }
        },
        "type": "if",
        "locations": [
          {
            "start": { "line": 139, "column": 4 },
            "end": { "line": 141, "column": 5 }
          },
          { "start": {}, "end": {} }
        ],
        "line": 139
      },
      "9": {
        "loc": {
          "start": { "line": 143, "column": 4 },
          "end": { "line": 149, "column": 5 }
        },
        "type": "if",
        "locations": [
          {
            "start": { "line": 143, "column": 4 },
            "end": { "line": 149, "column": 5 }
          },
          { "start": {}, "end": {} }
        ],
        "line": 143
      },
      "10": {
        "loc": {
          "start": { "line": 151, "column": 4 },
          "end": { "line": 157, "column": 5 }
        },
        "type": "if",
        "locations": [
          {
            "start": { "line": 151, "column": 4 },
            "end": { "line": 157, "column": 5 }
          },
          { "start": {}, "end": {} }
        ],
        "line": 151
      },
      "11": {
        "loc": {
          "start": { "line": 170, "column": 10 },
          "end": { "line": 170, "column": 39 }
        },
        "type": "if",
        "locations": [
          {
            "start": { "line": 170, "column": 10 },
            "end": { "line": 170, "column": 39 }
          },
          { "start": {}, "end": {} }
        ],
        "line": 170
      },
      "12": {
        "loc": {
          "start": { "line": 191, "column": 4 },
          "end": { "line": 196, "column": 5 }
        },
        "type": "if",
        "locations": [
          {
            "start": { "line": 191, "column": 4 },
            "end": { "line": 196, "column": 5 }
          },
          { "start": {}, "end": {} }
        ],
        "line": 191
      },
      "13": {
        "loc": {
          "start": { "line": 192, "column": 6 },
          "end": { "line": 193, "column": 64 }
        },
        "type": "binary-expr",
        "locations": [
          {
            "start": { "line": 192, "column": 6 },
            "end": { "line": 192, "column": 20 }
          },
          {
            "start": { "line": 193, "column": 6 },
            "end": { "line": 193, "column": 64 }
          }
        ],
        "line": 192
      },
      "14": {
        "loc": {
          "start": { "line": 201, "column": 4 },
          "end": { "line": 206, "column": 5 }
        },
        "type": "if",
        "locations": [
          {
            "start": { "line": 201, "column": 4 },
            "end": { "line": 206, "column": 5 }
          },
          { "start": {}, "end": {} }
        ],
        "line": 201
      },
      "15": {
        "loc": {
          "start": { "line": 202, "column": 6 },
          "end": { "line": 203, "column": 64 }
        },
        "type": "binary-expr",
        "locations": [
          {
            "start": { "line": 202, "column": 6 },
            "end": { "line": 202, "column": 20 }
          },
          {
            "start": { "line": 203, "column": 6 },
            "end": { "line": 203, "column": 64 }
          }
        ],
        "line": 202
      },
      "16": {
        "loc": {
          "start": { "line": 212, "column": 6 },
          "end": { "line": 213, "column": 64 }
        },
        "type": "binary-expr",
        "locations": [
          {
            "start": { "line": 212, "column": 6 },
            "end": { "line": 212, "column": 20 }
          },
          {
            "start": { "line": 213, "column": 6 },
            "end": { "line": 213, "column": 64 }
          }
        ],
        "line": 212
      },
      "17": {
        "loc": {
          "start": { "line": 219, "column": 6 },
          "end": { "line": 220, "column": 65 }
        },
        "type": "binary-expr",
        "locations": [
          {
            "start": { "line": 219, "column": 6 },
            "end": { "line": 219, "column": 20 }
          },
          {
            "start": { "line": 220, "column": 6 },
            "end": { "line": 220, "column": 65 }
          }
        ],
        "line": 219
      },
      "18": {
        "loc": {
          "start": { "line": 240, "column": 12 },
          "end": { "line": 240, "column": 79 }
        },
        "type": "binary-expr",
        "locations": [
          {
            "start": { "line": 240, "column": 12 },
            "end": { "line": 240, "column": 55 }
          },
          {
            "start": { "line": 240, "column": 59 },
            "end": { "line": 240, "column": 79 }
          }
        ],
        "line": 240
      },
      "19": {
        "loc": {
          "start": { "line": 241, "column": 31 },
          "end": { "line": 241, "column": 64 }
        },
        "type": "binary-expr",
        "locations": [
          {
            "start": { "line": 241, "column": 31 },
            "end": { "line": 241, "column": 58 }
          },
          {
            "start": { "line": 241, "column": 62 },
            "end": { "line": 241, "column": 64 }
          }
        ],
        "line": 241
      },
      "20": {
        "loc": {
          "start": { "line": 251, "column": 6 },
          "end": { "line": 253, "column": 7 }
        },
        "type": "if",
        "locations": [
          {
            "start": { "line": 251, "column": 6 },
            "end": { "line": 253, "column": 7 }
          },
          { "start": {}, "end": {} }
        ],
        "line": 251
      },
      "21": {
        "loc": {
          "start": { "line": 255, "column": 6 },
          "end": { "line": 257, "column": 7 }
        },
        "type": "if",
        "locations": [
          {
            "start": { "line": 255, "column": 6 },
            "end": { "line": 257, "column": 7 }
          },
          { "start": {}, "end": {} }
        ],
        "line": 255
      },
      "22": {
        "loc": {
          "start": { "line": 269, "column": 25 },
          "end": { "line": 269, "column": 57 }
        },
        "type": "binary-expr",
        "locations": [
          {
            "start": { "line": 269, "column": 25 },
            "end": { "line": 269, "column": 34 }
          },
          {
            "start": { "line": 269, "column": 38 },
            "end": { "line": 269, "column": 57 }
          }
        ],
        "line": 269
      },
      "23": {
        "loc": {
          "start": { "line": 280, "column": 14 },
          "end": { "line": 301, "column": 15 }
        },
        "type": "cond-expr",
        "locations": [
          {
            "start": { "line": 281, "column": 16 },
            "end": { "line": 298, "column": 22 }
          },
          {
            "start": { "line": 300, "column": 16 },
            "end": { "line": 300, "column": 20 }
          }
        ],
        "line": 280
      },
      "24": {
        "loc": {
          "start": { "line": 304, "column": 14 },
          "end": { "line": 306, "column": 27 }
        },
        "type": "cond-expr",
        "locations": [
          {
            "start": { "line": 305, "column": 18 },
            "end": { "line": 305, "column": 74 }
          },
          {
            "start": { "line": 306, "column": 18 },
            "end": { "line": 306, "column": 27 }
          }
        ],
        "line": 304
      },
      "25": {
        "loc": {
          "start": { "line": 304, "column": 14 },
          "end": { "line": 304, "column": 52 }
        },
        "type": "binary-expr",
        "locations": [
          {
            "start": { "line": 304, "column": 14 },
            "end": { "line": 304, "column": 33 }
          },
          {
            "start": { "line": 304, "column": 37 },
            "end": { "line": 304, "column": 52 }
          }
        ],
        "line": 304
      },
      "26": {
        "loc": {
          "start": { "line": 310, "column": 14 },
          "end": { "line": 310, "column": 74 }
        },
        "type": "binary-expr",
        "locations": [
          {
            "start": { "line": 310, "column": 14 },
            "end": { "line": 310, "column": 26 }
          },
          {
            "start": { "line": 310, "column": 30 },
            "end": { "line": 310, "column": 74 }
          }
        ],
        "line": 310
      },
      "27": {
        "loc": {
          "start": { "line": 323, "column": 13 },
          "end": { "line": 329, "column": 13 }
        },
        "type": "cond-expr",
        "locations": [
          {
            "start": { "line": 324, "column": 14 },
            "end": { "line": 324, "column": 55 }
          },
          {
            "start": { "line": 326, "column": 14 },
            "end": { "line": 328, "column": 20 }
          }
        ],
        "line": 323
      },
      "28": {
        "loc": {
          "start": { "line": 351, "column": 4 },
          "end": { "line": 351, "column": 57 }
        },
        "type": "if",
        "locations": [
          {
            "start": { "line": 351, "column": 4 },
            "end": { "line": 351, "column": 57 }
          },
          { "start": {}, "end": {} }
        ],
        "line": 351
      },
      "29": {
        "loc": {
          "start": { "line": 351, "column": 8 },
          "end": { "line": 351, "column": 48 }
        },
        "type": "binary-expr",
        "locations": [
          {
            "start": { "line": 351, "column": 8 },
            "end": { "line": 351, "column": 24 }
          },
          {
            "start": { "line": 351, "column": 28 },
            "end": { "line": 351, "column": 48 }
          }
        ],
        "line": 351
      },
      "30": {
        "loc": {
          "start": { "line": 352, "column": 4 },
          "end": { "line": 359, "column": 5 }
        },
        "type": "if",
        "locations": [
          {
            "start": { "line": 352, "column": 4 },
            "end": { "line": 359, "column": 5 }
          },
          { "start": {}, "end": {} }
        ],
        "line": 352
      },
      "31": {
        "loc": {
          "start": { "line": 355, "column": 16 },
          "end": { "line": 355, "column": 45 }
        },
        "type": "binary-expr",
        "locations": [
          {
            "start": { "line": 355, "column": 16 },
            "end": { "line": 355, "column": 40 }
          },
          {
            "start": { "line": 355, "column": 44 },
            "end": { "line": 355, "column": 45 }
          }
        ],
        "line": 355
      }
    },
    "s": {
      "0": 1,
      "1": 1,
      "2": 49,
      "3": 49,
      "4": 49,
      "5": 49,
      "6": 49,
      "7": 49,
      "8": 49,
      "9": 49,
      "10": 49,
      "11": 49,
      "12": 49,
      "13": 80,
      "14": 80,
      "15": 80,
      "16": 49,
      "17": 49,
      "18": 49,
      "19": 80,
      "20": 49,
      "21": 47,
      "22": 49,
      "23": 1,
      "24": 49,
      "25": 2,
      "26": 49,
      "27": 49,
      "28": 49,
      "29": 2,
      "30": 1,
      "31": 1,
      "32": 1,
      "33": 49,
      "34": 49,
      "35": 49,
      "36": 49,
      "37": 82,
      "38": 2,
      "39": 80,
      "40": 49,
      "41": 82,
      "42": 2,
      "43": 80,
      "44": 49,
      "45": 82,
      "46": 49,
      "47": 80,
      "48": 49,
      "49": 79,
      "50": 49,
      "51": 79,
      "52": 5,
      "53": 49,
      "54": 82,
      "55": 2,
      "56": 80,
      "57": 1,
      "58": 79,
      "59": 79,
      "60": 79,
      "61": 79,
      "62": 79,
      "63": 79,
      "64": 2,
      "65": 1,
      "66": 49,
      "67": 49,
      "68": 3,
      "69": 46,
      "70": 46,
      "71": 46,
      "72": 46,
      "73": 46,
      "74": 49
    },
    "f": {
      "0": 49,
      "1": 49,
      "2": 80,
      "3": 49,
      "4": 80,
      "5": 49,
      "6": 2,
      "7": 1,
      "8": 49,
      "9": 49,
      "10": 82,
      "11": 82,
      "12": 82,
      "13": 80,
      "14": 79,
      "15": 79,
      "16": 5,
      "17": 82,
      "18": 2,
      "19": 1,
      "20": 49,
      "21": 46
    },
    "b": {
      "0": [1],
      "1": [48],
      "2": [48],
      "3": [46, 3],
      "4": [3, 1],
      "5": [79, 1],
      "6": [80, 80],
      "7": [2, 78],
      "8": [47, 2],
      "9": [1, 48],
      "10": [2, 47],
      "11": [1, 1],
      "12": [2, 80],
      "13": [82, 3],
      "14": [2, 80],
      "15": [82, 3],
      "16": [82, 3],
      "17": [80, 1],
      "18": [5, 4],
      "19": [5, 1],
      "20": [2, 80],
      "21": [1, 79],
      "22": [79, 78],
      "23": [1, 78],
      "24": [17, 62],
      "25": [79, 40],
      "26": [1, 1],
      "27": [40, 39],
      "28": [3, 46],
      "29": [49, 47],
      "30": [46, 0],
      "31": [46, 45]
    },
    "_coverageSchema": "1a1c01bbd47fc00a2c39e90264f33305004495a9",
    "hash": "50eb8d0a5be7d338c929f2303c5be1a665c6a671"
  }
}
